<?xml version="1.0" encoding="UTF-8"?>
<!-- Generated by org.testng.reporters.JUnitReportReporter -->
<testsuite hostname="DESKTOP-DT297E4" failures="0" tests="1" name="testCases.TC_002_LoginTest" time="1.850" errors="0" timestamp="2022-08-29T16:55:48 IST" skipped="0">
  <testcase classname="testCases.TC_002_LoginTest" name="test_Login" time="1.850"/>
  <system-out/>
</testsuite> <!-- testCases.TC_002_LoginTest -->
