<?xml version="1.0" encoding="UTF-8"?>
<!-- Generated by org.testng.reporters.JUnitReportReporter -->
<testsuite hostname="PAVAN09FA" failures="0" tests="1" name="testCases.TC_005_AddToCartPageTest" time="4.248" errors="0" timestamp="2022-08-06T12:01:25 IST" skipped="0">
  <testcase classname="testCases.TC_005_AddToCartPageTest" name="test_addToCart" time="4.248"/>
  <system-out/>
</testsuite> <!-- testCases.TC_005_AddToCartPageTest -->
