<?xml version="1.0" encoding="UTF-8"?>
<!-- Generated by org.testng.reporters.JUnitReportReporter -->
<testsuite hostname="DESKTOP-DT297E4" failures="0" tests="1" name="testCases.TC_004_SearchProductTest" time="1.239" errors="0" timestamp="2022-08-29T16:55:48 IST" skipped="0">
  <testcase classname="testCases.TC_004_SearchProductTest" name="test_pruductSearch" time="1.239"/>
  <system-out/>
</testsuite> <!-- testCases.TC_004_SearchProductTest -->
