<?xml version="1.0" encoding="UTF-8"?>
<!-- Generated by org.testng.reporters.JUnitReportReporter -->
<testsuite hostname="DESKTOP-DT297E4" failures="0" tests="1" name="testCases.TC_006_EndToEndTest" time="49.860" errors="0" timestamp="2022-08-29T15:42:35 IST" skipped="0">
  <testcase classname="testCases.TC_006_EndToEndTest" name="endToendTest" time="49.860"/>
  <system-out/>
</testsuite> <!-- testCases.TC_006_EndToEndTest -->
