<?xml version="1.0" encoding="UTF-8"?>
<!-- Generated by org.testng.reporters.JUnitReportReporter -->
<testsuite hostname="DESKTOP-DT297E4" failures="0" tests="1" name="testCases.TC_005_AddToCartPageTest" time="4.243" errors="0" timestamp="2022-08-29T16:55:48 IST" skipped="0">
  <testcase classname="testCases.TC_005_AddToCartPageTest" name="test_addToCart" time="4.243"/>
  <system-out/>
</testsuite> <!-- testCases.TC_005_AddToCartPageTest -->
